[debug] [2018-07-30T10:39:58.444Z] ----------------------------------------------------------------------
[debug] [2018-07-30T10:39:58.446Z] Command:       /usr/local/bin/node /usr/local/bin/firebase deploy --only functions
[debug] [2018-07-30T10:39:58.446Z] CLI Version:   4.0.0
[debug] [2018-07-30T10:39:58.446Z] Platform:      darwin
[debug] [2018-07-30T10:39:58.446Z] Node Version:  v8.9.3
[debug] [2018-07-30T10:39:58.447Z] Time:          Mon Jul 30 2018 20:39:58 GMT+1000 (AEST)
[debug] [2018-07-30T10:39:58.447Z] ----------------------------------------------------------------------
[debug] 
[debug] [2018-07-30T10:39:58.461Z] > command requires scopes: ["email","openid","https://www.googleapis.com/auth/cloudplatformprojects.readonly","https://www.googleapis.com/auth/firebase","https://www.googleapis.com/auth/cloud-platform"]
[debug] [2018-07-30T10:39:58.461Z] > authorizing via signed-in user
[debug] [2018-07-30T10:39:58.463Z] >>> HTTP REQUEST GET https://admin.firebase.com/v1/projects/friday-feasts  
  
 Mon Jul 30 2018 20:39:58 GMT+1000 (AEST)
[debug] [2018-07-30T10:39:59.753Z] <<< HTTP RESPONSE 200
[debug] [2018-07-30T10:39:59.754Z] >>> HTTP REQUEST GET https://admin.firebase.com/v1/database/friday-feasts/tokens  
  
 Mon Jul 30 2018 20:39:59 GMT+1000 (AEST)
[debug] [2018-07-30T10:40:00.748Z] <<< HTTP RESPONSE 200
[info] 
[info] === Deploying to 'friday-feasts'...
[info] 
[info] i  deploying functions
[debug] [2018-07-30T10:40:04.981Z] > [functions] package.json contents: {
  "name": "functions",
  "description": "Cloud Functions for Firebase",
  "scripts": {
    "serve": "firebase serve --only functions",
    "shell": "firebase experimental:functions:shell",
    "start": "npm run shell",
    "deploy": "firebase deploy --only functions",
    "logs": "firebase functions:log"
  },
  "dependencies": {
    "firebase-admin": "^5.13.1",
    "firebase-functions": "^2.0.2"
  },
  "private": true
}
[info] i  functions: ensuring necessary APIs are enabled...
[debug] [2018-07-30T10:40:04.982Z] >>> HTTP REQUEST GET https://servicemanagement.googleapis.com/v1/services/cloudfunctions.googleapis.com/projectSettings/friday-feasts?view=CONSUMER_VIEW  
  
 Mon Jul 30 2018 20:40:04 GMT+1000 (AEST)
[debug] [2018-07-30T10:40:04.983Z] >>> HTTP REQUEST GET https://servicemanagement.googleapis.com/v1/services/runtimeconfig.googleapis.com/projectSettings/friday-feasts?view=CONSUMER_VIEW  
  
 Mon Jul 30 2018 20:40:04 GMT+1000 (AEST)
[debug] [2018-07-30T10:40:06.808Z] <<< HTTP RESPONSE 200
[info] ✔  functions: all necessary APIs are enabled
[debug] [2018-07-30T10:40:06.820Z] <<< HTTP RESPONSE 200
[debug] [2018-07-30T10:40:06.821Z] >>> HTTP REQUEST GET https://cloudresourcemanager.googleapis.com/v1/projects/friday-feasts  
  
 Mon Jul 30 2018 20:40:06 GMT+1000 (AEST)
[debug] [2018-07-30T10:40:08.341Z] <<< HTTP RESPONSE 200
[debug] [2018-07-30T10:40:08.342Z] >>> HTTP REQUEST GET https://mobilesdk-pa.googleapis.com/v1/projects/59209303252:getServerAppConfig  
  
 Mon Jul 30 2018 20:40:08 GMT+1000 (AEST)
[debug] [2018-07-30T10:40:09.364Z] <<< HTTP RESPONSE 200
[info] i  functions: preparing functions directory for uploading...
[debug] [2018-07-30T10:40:09.368Z] >>> HTTP REQUEST GET https://runtimeconfig.googleapis.com/v1beta1/projects/friday-feasts/configs  
  
 Mon Jul 30 2018 20:40:09 GMT+1000 (AEST)
[debug] [2018-07-30T10:40:10.081Z] <<< HTTP RESPONSE 200
[info] i  functions: packaged functions (44.19 KB) for uploading
[debug] [2018-07-30T10:40:10.298Z] >>> HTTP REQUEST POST https://cloudfunctions.googleapis.com/v1/projects/friday-feasts/locations/us-central1/functions:generateUploadUrl  
  
 Mon Jul 30 2018 20:40:10 GMT+1000 (AEST)
[debug] [2018-07-30T10:40:11.279Z] <<< HTTP RESPONSE 200
[debug] [2018-07-30T10:40:11.280Z] >>> HTTP REQUEST PUT https://storage.googleapis.com/gcf-upload-us-central1-73d029f5-087a-4552-89a4-d5426020b7b3/5f7736d6-ecd6-4927-96e7-60562a74261e.zip?GoogleAccessId=service-59209303252@gcf-admin-robot.iam.gserviceaccount.com&Expires=1532949011&Signature=voA3VwPgiLler1bUwfWckNIqEB9ahLQ4i56%2BPPVMxJU7Rc8uut78eOx5c7J%2F63zsJbwxFTthQATVKUyNFyhRMuMT1JSWJdFF2YI%2BGxEMjjNIL1kDE9aIRDqKva%2F6hJZz0J8%2BFBmdj2nlQHZE32ySJhNNfOqMlh1ySrFtrDFPrN0llgMxVe9g3x2ttMedTZhzBQ0UT960MVcgkEM2nUD3T0k5QaOBnM6ouFZQosqqy0%2BZZkVwzBhN5Seo%2FjgxXg0gGk%2BN79MafX1aKoFy0ewp9%2BTwtVhIQiMB%2Fub5FLXPZBQNP6CwrvzowUlcsBkEkDkkNDqDtxyPv3UICJTXMruxAA%3D%3D  
 ReadStream {
  _readableState: 
   ReadableState {
     objectMode: false,
     highWaterMark: 65536,
     buffer: BufferList { head: [Object], tail: [Object], length: 1 },
     length: 45252,
     pipes: null,
     pipesCount: 0,
     flowing: null,
     ended: true,
     endEmitted: false,
     reading: false,
     sync: false,
     needReadable: false,
     emittedReadable: true,
     readableListening: false,
     resumeScheduled: false,
     destroyed: false,
     defaultEncoding: 'utf8',
     awaitDrain: 0,
     readingMore: false,
     decoder: null,
     encoding: null },
  readable: true,
  domain: null,
  _events: { end: [Function] },
  _eventsCount: 1,
  _maxListeners: undefined,
  path: '/var/folders/vc/w5_f9yl54qj7rwsp6lnfrgm00000gn/T/firebase-functions-1691vPbpKgoEgYbu.zip',
  fd: 18,
  flags: 'r',
  mode: 438,
  start: undefined,
  end: undefined,
  autoClose: true,
  pos: undefined,
  bytesRead: 45252 } 
 Mon Jul 30 2018 20:40:11 GMT+1000 (AEST)
[debug] [2018-07-30T10:40:12.334Z] <<< HTTP RESPONSE 200
[info] ✔  functions: functions folder uploaded successfully
[debug] [2018-07-30T10:40:12.336Z] >>> HTTP REQUEST GET https://cloudfunctions.googleapis.com/v1/projects/friday-feasts/locations/-/functions  
  
 Mon Jul 30 2018 20:40:12 GMT+1000 (AEST)
[debug] [2018-07-30T10:40:13.461Z] <<< HTTP RESPONSE 200
[info] i  functions: updating Node.js 6 function activeIndex(us-central1)...
[debug] [2018-07-30T10:40:13.467Z] Trigger is:  {"httpsTrigger":{}}
[info] i  functions: updating Node.js 6 function checkLength(us-central1)...
[debug] [2018-07-30T10:40:13.468Z] Trigger is:  {"eventTrigger":{"resource":"projects/_/instances/friday-feasts/refs/activeUserKey","eventType":"providers/google.firebase.database/eventTypes/ref.update","service":"firebaseio.com"}}
[info] i  functions: updating Node.js 6 function updateLength(us-central1)...
[debug] [2018-07-30T10:40:13.468Z] Trigger is:  {"eventTrigger":{"resource":"projects/_/instances/friday-feasts/refs/users","eventType":"providers/google.firebase.database/eventTypes/ref.write","service":"firebaseio.com"}}
[debug] [2018-07-30T10:40:13.471Z] >>> HTTP REQUEST PATCH https://cloudfunctions.googleapis.com/v1/projects/friday-feasts/locations/us-central1/functions/activeIndex 
query params: {"updateMask":"sourceUploadUrl,name,labels,httpsTrigger"} 
 { sourceUploadUrl: 'https://storage.googleapis.com/gcf-upload-us-central1-73d029f5-087a-4552-89a4-d5426020b7b3/5f7736d6-ecd6-4927-96e7-60562a74261e.zip?GoogleAccessId=service-59209303252@gcf-admin-robot.iam.gserviceaccount.com&Expires=1532949011&Signature=voA3VwPgiLler1bUwfWckNIqEB9ahLQ4i56%2BPPVMxJU7Rc8uut78eOx5c7J%2F63zsJbwxFTthQATVKUyNFyhRMuMT1JSWJdFF2YI%2BGxEMjjNIL1kDE9aIRDqKva%2F6hJZz0J8%2BFBmdj2nlQHZE32ySJhNNfOqMlh1ySrFtrDFPrN0llgMxVe9g3x2ttMedTZhzBQ0UT960MVcgkEM2nUD3T0k5QaOBnM6ouFZQosqqy0%2BZZkVwzBhN5Seo%2FjgxXg0gGk%2BN79MafX1aKoFy0ewp9%2BTwtVhIQiMB%2Fub5FLXPZBQNP6CwrvzowUlcsBkEkDkkNDqDtxyPv3UICJTXMruxAA%3D%3D',
  name: 'projects/friday-feasts/locations/us-central1/functions/activeIndex',
  labels: { 'deployment-tool': 'cli-firebase' },
  httpsTrigger: {} } 
 Mon Jul 30 2018 20:40:13 GMT+1000 (AEST)
[debug] [2018-07-30T10:40:13.474Z] >>> HTTP REQUEST PATCH https://cloudfunctions.googleapis.com/v1/projects/friday-feasts/locations/us-central1/functions/checkLength 
query params: {"updateMask":"sourceUploadUrl,name,labels,eventTrigger.resource,eventTrigger.eventType,eventTrigger.service"} 
 { sourceUploadUrl: 'https://storage.googleapis.com/gcf-upload-us-central1-73d029f5-087a-4552-89a4-d5426020b7b3/5f7736d6-ecd6-4927-96e7-60562a74261e.zip?GoogleAccessId=service-59209303252@gcf-admin-robot.iam.gserviceaccount.com&Expires=1532949011&Signature=voA3VwPgiLler1bUwfWckNIqEB9ahLQ4i56%2BPPVMxJU7Rc8uut78eOx5c7J%2F63zsJbwxFTthQATVKUyNFyhRMuMT1JSWJdFF2YI%2BGxEMjjNIL1kDE9aIRDqKva%2F6hJZz0J8%2BFBmdj2nlQHZE32ySJhNNfOqMlh1ySrFtrDFPrN0llgMxVe9g3x2ttMedTZhzBQ0UT960MVcgkEM2nUD3T0k5QaOBnM6ouFZQosqqy0%2BZZkVwzBhN5Seo%2FjgxXg0gGk%2BN79MafX1aKoFy0ewp9%2BTwtVhIQiMB%2Fub5FLXPZBQNP6CwrvzowUlcsBkEkDkkNDqDtxyPv3UICJTXMruxAA%3D%3D',
  name: 'projects/friday-feasts/locations/us-central1/functions/checkLength',
  labels: { 'deployment-tool': 'cli-firebase' },
  eventTrigger: 
   { resource: 'projects/_/instances/friday-feasts/refs/activeUserKey',
     eventType: 'providers/google.firebase.database/eventTypes/ref.update',
     service: 'firebaseio.com' } } 
 Mon Jul 30 2018 20:40:13 GMT+1000 (AEST)
[debug] [2018-07-30T10:40:13.475Z] >>> HTTP REQUEST PATCH https://cloudfunctions.googleapis.com/v1/projects/friday-feasts/locations/us-central1/functions/updateLength 
query params: {"updateMask":"sourceUploadUrl,name,labels,eventTrigger.resource,eventTrigger.eventType,eventTrigger.service"} 
 { sourceUploadUrl: 'https://storage.googleapis.com/gcf-upload-us-central1-73d029f5-087a-4552-89a4-d5426020b7b3/5f7736d6-ecd6-4927-96e7-60562a74261e.zip?GoogleAccessId=service-59209303252@gcf-admin-robot.iam.gserviceaccount.com&Expires=1532949011&Signature=voA3VwPgiLler1bUwfWckNIqEB9ahLQ4i56%2BPPVMxJU7Rc8uut78eOx5c7J%2F63zsJbwxFTthQATVKUyNFyhRMuMT1JSWJdFF2YI%2BGxEMjjNIL1kDE9aIRDqKva%2F6hJZz0J8%2BFBmdj2nlQHZE32ySJhNNfOqMlh1ySrFtrDFPrN0llgMxVe9g3x2ttMedTZhzBQ0UT960MVcgkEM2nUD3T0k5QaOBnM6ouFZQosqqy0%2BZZkVwzBhN5Seo%2FjgxXg0gGk%2BN79MafX1aKoFy0ewp9%2BTwtVhIQiMB%2Fub5FLXPZBQNP6CwrvzowUlcsBkEkDkkNDqDtxyPv3UICJTXMruxAA%3D%3D',
  name: 'projects/friday-feasts/locations/us-central1/functions/updateLength',
  labels: { 'deployment-tool': 'cli-firebase' },
  eventTrigger: 
   { resource: 'projects/_/instances/friday-feasts/refs/users',
     eventType: 'providers/google.firebase.database/eventTypes/ref.write',
     service: 'firebaseio.com' } } 
 Mon Jul 30 2018 20:40:13 GMT+1000 (AEST)
[debug] [2018-07-30T10:40:14.085Z] <<< HTTP RESPONSE 200
[debug] [2018-07-30T10:40:14.098Z] <<< HTTP RESPONSE 200
[debug] [2018-07-30T10:40:14.797Z] <<< HTTP RESPONSE 200
[debug] [2018-07-30T10:40:14.799Z] >>> HTTP REQUEST GET https://cloudfunctions.googleapis.com/v1/projects/friday-feasts/locations/-/functions  
  
 Mon Jul 30 2018 20:40:14 GMT+1000 (AEST)
[debug] [2018-07-30T10:40:15.406Z] <<< HTTP RESPONSE 200
[debug] [2018-07-30T10:40:15.408Z] >>> HTTP REQUEST GET https://cloudfunctions.googleapis.com/v1/operations/ZnJpZGF5LWZlYXN0cy91cy1jZW50cmFsMS9hY3RpdmVJbmRleC9XNGVXcm5KYUpWNA  
  
 Mon Jul 30 2018 20:40:15 GMT+1000 (AEST)
[debug] [2018-07-30T10:40:15.409Z] >>> HTTP REQUEST GET https://cloudfunctions.googleapis.com/v1/operations/ZnJpZGF5LWZlYXN0cy91cy1jZW50cmFsMS9jaGVja0xlbmd0aC9ZOFYxQVktdEo0TQ  
  
 Mon Jul 30 2018 20:40:15 GMT+1000 (AEST)
[debug] [2018-07-30T10:40:15.409Z] >>> HTTP REQUEST GET https://cloudfunctions.googleapis.com/v1/operations/ZnJpZGF5LWZlYXN0cy91cy1jZW50cmFsMS91cGRhdGVMZW5ndGgvTFJBcXBUVVpqMzQ  
  
 Mon Jul 30 2018 20:40:15 GMT+1000 (AEST)
[debug] [2018-07-30T10:40:15.918Z] <<< HTTP RESPONSE 200
[debug] [2018-07-30T10:40:15.921Z] <<< HTTP RESPONSE 200
[debug] [2018-07-30T10:40:15.921Z] <<< HTTP RESPONSE 200
[debug] [2018-07-30T10:40:17.921Z] >>> HTTP REQUEST GET https://cloudfunctions.googleapis.com/v1/operations/ZnJpZGF5LWZlYXN0cy91cy1jZW50cmFsMS9jaGVja0xlbmd0aC9ZOFYxQVktdEo0TQ  
  
 Mon Jul 30 2018 20:40:17 GMT+1000 (AEST)
[debug] [2018-07-30T10:40:17.922Z] >>> HTTP REQUEST GET https://cloudfunctions.googleapis.com/v1/operations/ZnJpZGF5LWZlYXN0cy91cy1jZW50cmFsMS9hY3RpdmVJbmRleC9XNGVXcm5KYUpWNA  
  
 Mon Jul 30 2018 20:40:17 GMT+1000 (AEST)
[debug] [2018-07-30T10:40:17.931Z] >>> HTTP REQUEST GET https://cloudfunctions.googleapis.com/v1/operations/ZnJpZGF5LWZlYXN0cy91cy1jZW50cmFsMS91cGRhdGVMZW5ndGgvTFJBcXBUVVpqMzQ  
  
 Mon Jul 30 2018 20:40:17 GMT+1000 (AEST)
[debug] [2018-07-30T10:40:18.478Z] <<< HTTP RESPONSE 200
[debug] [2018-07-30T10:40:18.479Z] <<< HTTP RESPONSE 200
[debug] [2018-07-30T10:40:18.485Z] <<< HTTP RESPONSE 200
[debug] [2018-07-30T10:40:20.481Z] >>> HTTP REQUEST GET https://cloudfunctions.googleapis.com/v1/operations/ZnJpZGF5LWZlYXN0cy91cy1jZW50cmFsMS9hY3RpdmVJbmRleC9XNGVXcm5KYUpWNA  
  
 Mon Jul 30 2018 20:40:20 GMT+1000 (AEST)
[debug] [2018-07-30T10:40:20.482Z] >>> HTTP REQUEST GET https://cloudfunctions.googleapis.com/v1/operations/ZnJpZGF5LWZlYXN0cy91cy1jZW50cmFsMS9jaGVja0xlbmd0aC9ZOFYxQVktdEo0TQ  
  
 Mon Jul 30 2018 20:40:20 GMT+1000 (AEST)
[debug] [2018-07-30T10:40:20.485Z] >>> HTTP REQUEST GET https://cloudfunctions.googleapis.com/v1/operations/ZnJpZGF5LWZlYXN0cy91cy1jZW50cmFsMS91cGRhdGVMZW5ndGgvTFJBcXBUVVpqMzQ  
  
 Mon Jul 30 2018 20:40:20 GMT+1000 (AEST)
[debug] [2018-07-30T10:40:20.942Z] <<< HTTP RESPONSE 200
[debug] [2018-07-30T10:40:20.947Z] <<< HTTP RESPONSE 200
[debug] [2018-07-30T10:40:20.950Z] <<< HTTP RESPONSE 200
[debug] [2018-07-30T10:40:22.947Z] >>> HTTP REQUEST GET https://cloudfunctions.googleapis.com/v1/operations/ZnJpZGF5LWZlYXN0cy91cy1jZW50cmFsMS9hY3RpdmVJbmRleC9XNGVXcm5KYUpWNA  
  
 Mon Jul 30 2018 20:40:22 GMT+1000 (AEST)
[debug] [2018-07-30T10:40:22.948Z] >>> HTTP REQUEST GET https://cloudfunctions.googleapis.com/v1/operations/ZnJpZGF5LWZlYXN0cy91cy1jZW50cmFsMS91cGRhdGVMZW5ndGgvTFJBcXBUVVpqMzQ  
  
 Mon Jul 30 2018 20:40:22 GMT+1000 (AEST)
[debug] [2018-07-30T10:40:22.951Z] >>> HTTP REQUEST GET https://cloudfunctions.googleapis.com/v1/operations/ZnJpZGF5LWZlYXN0cy91cy1jZW50cmFsMS9jaGVja0xlbmd0aC9ZOFYxQVktdEo0TQ  
  
 Mon Jul 30 2018 20:40:22 GMT+1000 (AEST)
[debug] [2018-07-30T10:40:23.380Z] <<< HTTP RESPONSE 200
[debug] [2018-07-30T10:40:23.380Z] <<< HTTP RESPONSE 200
[debug] [2018-07-30T10:40:23.398Z] <<< HTTP RESPONSE 200
[debug] [2018-07-30T10:40:25.382Z] >>> HTTP REQUEST GET https://cloudfunctions.googleapis.com/v1/operations/ZnJpZGF5LWZlYXN0cy91cy1jZW50cmFsMS9jaGVja0xlbmd0aC9ZOFYxQVktdEo0TQ  
  
 Mon Jul 30 2018 20:40:25 GMT+1000 (AEST)
[debug] [2018-07-30T10:40:25.384Z] >>> HTTP REQUEST GET https://cloudfunctions.googleapis.com/v1/operations/ZnJpZGF5LWZlYXN0cy91cy1jZW50cmFsMS91cGRhdGVMZW5ndGgvTFJBcXBUVVpqMzQ  
  
 Mon Jul 30 2018 20:40:25 GMT+1000 (AEST)
[debug] [2018-07-30T10:40:25.401Z] >>> HTTP REQUEST GET https://cloudfunctions.googleapis.com/v1/operations/ZnJpZGF5LWZlYXN0cy91cy1jZW50cmFsMS9hY3RpdmVJbmRleC9XNGVXcm5KYUpWNA  
  
 Mon Jul 30 2018 20:40:25 GMT+1000 (AEST)
